<?xml version="1.0" encoding="UTF-8"?>
<testng-results ignored="0" total="1" passed="1" failed="0" skipped="0">
  <reporter-output>
  </reporter-output>
  <suite started-at="2023-04-06T12:50:29 EDT" name="Default suite" finished-at="2023-04-06T12:50:58 EDT" duration-ms="28544">
    <groups>
    </groups>
    <test started-at="2023-04-06T12:50:29 EDT" name="Default test" finished-at="2023-04-06T12:50:58 EDT" duration-ms="28544">
      <class name="test.SearchTest">
        <test-method is-config="true" signature="startSession()[pri:0, instance:test.SearchTest@77888435]" started-at="2023-04-06T12:50:29 EDT" name="startSession" finished-at="2023-04-06T12:50:31 EDT" duration-ms="2060" status="PASS">
          <reporter-output>
          </reporter-output>
        </test-method> <!-- startSession -->
        <test-method signature="searchProductTestCase()[pri:0, instance:test.SearchTest@77888435]" started-at="2023-04-06T12:50:31 EDT" name="searchProductTestCase" finished-at="2023-04-06T12:50:57 EDT" duration-ms="26022" status="PASS">
          <reporter-output>
          </reporter-output>
        </test-method> <!-- searchProductTestCase -->
        <test-method is-config="true" signature="endSession()[pri:0, instance:test.SearchTest@77888435]" started-at="2023-04-06T12:50:57 EDT" name="endSession" finished-at="2023-04-06T12:50:58 EDT" duration-ms="420" status="PASS">
          <reporter-output>
          </reporter-output>
        </test-method> <!-- endSession -->
      </class> <!-- test.SearchTest -->
    </test> <!-- Default test -->
  </suite> <!-- Default suite -->
</testng-results>
